03-15 12:28:25 com_github_MitjaNemec_PlaceFootprints.action_place_footprints 647:Plugin executed on: 'win32'
03-15 12:28:25 com_github_MitjaNemec_PlaceFootprints.action_place_footprints 648:Plugin executed with python version: '3.9.16 (main, May 18 2023, 07:48:16) [MSC v.1936 64 bit (AMD64)]'
03-15 12:28:25 com_github_MitjaNemec_PlaceFootprints.action_place_footprints 649:KiCad build version: 7.0.6
03-15 12:28:25 com_github_MitjaNemec_PlaceFootprints.action_place_footprints 650:Plugin version: 2.1.3
03-15 12:28:25 com_github_MitjaNemec_PlaceFootprints.action_place_footprints 651:Frame repr: <wx._core.Frame object at 0x00000267A8C5C160>
03-15 12:28:25 com_github_MitjaNemec_PlaceFootprints.place_footprints 121:getting a list of all footprints on board
03-15 12:28:25 com_github_MitjaNemec_PlaceFootprints.place_footprints 156:Footprint R34 on root level
03-15 12:28:25 com_github_MitjaNemec_PlaceFootprints.place_footprints 156:Footprint R33 on root level
03-15 12:28:25 com_github_MitjaNemec_PlaceFootprints.place_footprints 156:Footprint R32 on root level
03-15 12:28:25 com_github_MitjaNemec_PlaceFootprints.place_footprints 156:Footprint R31 on root level
03-15 12:28:25 com_github_MitjaNemec_PlaceFootprints.place_footprints 156:Footprint R30 on root level
03-15 12:28:25 com_github_MitjaNemec_PlaceFootprints.place_footprints 156:Footprint R29 on root level
03-15 12:28:25 com_github_MitjaNemec_PlaceFootprints.place_footprints 156:Footprint R28 on root level
03-15 12:28:25 com_github_MitjaNemec_PlaceFootprints.place_footprints 156:Footprint R27 on root level
03-15 12:28:25 com_github_MitjaNemec_PlaceFootprints.place_footprints 156:Footprint R26 on root level
03-15 12:28:25 com_github_MitjaNemec_PlaceFootprints.place_footprints 156:Footprint R25 on root level
03-15 12:28:25 com_github_MitjaNemec_PlaceFootprints.place_footprints 156:Footprint R24 on root level
03-15 12:28:25 com_github_MitjaNemec_PlaceFootprints.place_footprints 156:Footprint R23 on root level
03-15 12:28:25 com_github_MitjaNemec_PlaceFootprints.place_footprints 156:Footprint R22 on root level
03-15 12:28:25 com_github_MitjaNemec_PlaceFootprints.place_footprints 156:Footprint R21 on root level
03-15 12:28:25 com_github_MitjaNemec_PlaceFootprints.place_footprints 156:Footprint R20 on root level
03-15 12:28:25 com_github_MitjaNemec_PlaceFootprints.place_footprints 156:Footprint R19 on root level
03-15 12:28:25 com_github_MitjaNemec_PlaceFootprints.place_footprints 156:Footprint R18 on root level
03-15 12:28:25 com_github_MitjaNemec_PlaceFootprints.place_footprints 156:Footprint R17 on root level
03-15 12:28:25 com_github_MitjaNemec_PlaceFootprints.place_footprints 156:Footprint R16 on root level
03-15 12:28:25 com_github_MitjaNemec_PlaceFootprints.place_footprints 156:Footprint R15 on root level
03-15 12:28:25 com_github_MitjaNemec_PlaceFootprints.place_footprints 156:Footprint R14 on root level
03-15 12:28:25 com_github_MitjaNemec_PlaceFootprints.place_footprints 156:Footprint R13 on root level
03-15 12:28:25 com_github_MitjaNemec_PlaceFootprints.place_footprints 156:Footprint R12 on root level
03-15 12:28:25 com_github_MitjaNemec_PlaceFootprints.place_footprints 156:Footprint R11 on root level
03-15 12:28:25 com_github_MitjaNemec_PlaceFootprints.place_footprints 156:Footprint R10 on root level
03-15 12:28:25 com_github_MitjaNemec_PlaceFootprints.place_footprints 156:Footprint R9 on root level
03-15 12:28:25 com_github_MitjaNemec_PlaceFootprints.place_footprints 156:Footprint R8 on root level
03-15 12:28:25 com_github_MitjaNemec_PlaceFootprints.place_footprints 156:Footprint R7 on root level
03-15 12:28:25 com_github_MitjaNemec_PlaceFootprints.place_footprints 156:Footprint R6 on root level
03-15 12:28:25 com_github_MitjaNemec_PlaceFootprints.place_footprints 156:Footprint R5 on root level
03-15 12:28:25 com_github_MitjaNemec_PlaceFootprints.place_footprints 156:Footprint R4 on root level
03-15 12:28:25 com_github_MitjaNemec_PlaceFootprints.place_footprints 156:Footprint R3 on root level
03-15 12:28:25 com_github_MitjaNemec_PlaceFootprints.place_footprints 156:Footprint R2 on root level
03-15 12:28:25 com_github_MitjaNemec_PlaceFootprints.place_footprints 156:Footprint R1 on root level
03-15 12:28:25 com_github_MitjaNemec_PlaceFootprints.place_footprints 156:Footprint C17 on root level
03-15 12:28:25 com_github_MitjaNemec_PlaceFootprints.place_footprints 156:Footprint C16 on root level
03-15 12:28:25 com_github_MitjaNemec_PlaceFootprints.place_footprints 156:Footprint C15 on root level
03-15 12:28:25 com_github_MitjaNemec_PlaceFootprints.place_footprints 156:Footprint C14 on root level
03-15 12:28:25 com_github_MitjaNemec_PlaceFootprints.place_footprints 156:Footprint C13 on root level
03-15 12:28:25 com_github_MitjaNemec_PlaceFootprints.place_footprints 156:Footprint C12 on root level
03-15 12:28:25 com_github_MitjaNemec_PlaceFootprints.place_footprints 156:Footprint C11 on root level
03-15 12:28:25 com_github_MitjaNemec_PlaceFootprints.place_footprints 156:Footprint C10 on root level
03-15 12:28:25 com_github_MitjaNemec_PlaceFootprints.place_footprints 156:Footprint C9 on root level
03-15 12:28:25 com_github_MitjaNemec_PlaceFootprints.place_footprints 156:Footprint C8 on root level
03-15 12:28:25 com_github_MitjaNemec_PlaceFootprints.place_footprints 156:Footprint C7 on root level
03-15 12:28:25 com_github_MitjaNemec_PlaceFootprints.place_footprints 156:Footprint C6 on root level
03-15 12:28:25 com_github_MitjaNemec_PlaceFootprints.place_footprints 156:Footprint C5 on root level
03-15 12:28:25 com_github_MitjaNemec_PlaceFootprints.place_footprints 156:Footprint C4 on root level
03-15 12:28:25 com_github_MitjaNemec_PlaceFootprints.place_footprints 156:Footprint C3 on root level
03-15 12:28:25 com_github_MitjaNemec_PlaceFootprints.place_footprints 156:Footprint C2 on root level
03-15 12:28:25 com_github_MitjaNemec_PlaceFootprints.place_footprints 156:Footprint C1 on root level
03-15 12:28:25 com_github_MitjaNemec_PlaceFootprints.place_footprints 156:Footprint JP1 on root level
03-15 12:28:25 com_github_MitjaNemec_PlaceFootprints.place_footprints 156:Footprint J2 on root level
03-15 12:28:25 com_github_MitjaNemec_PlaceFootprints.place_footprints 156:Footprint J1 on root level
03-15 12:28:27 com_github_MitjaNemec_PlaceFootprints.action_place_footprints 830:Reference designator is: R
03-15 12:28:27 com_github_MitjaNemec_PlaceFootprints.action_place_footprints 831:Reference number is: 18
03-15 12:28:27 com_github_MitjaNemec_PlaceFootprints.action_place_footprints 863:Sorted and filtered list:
['R1', 'R2', 'R3', 'R4', 'R5', 'R6', 'R7', 'R8', 'R9', 'R10', 'R11', 'R12', 'R13', 'R14', 'R15', 'R16', 'R17', 'R18', 'R19', 'R20', 'R21', 'R22', 'R23', 'R24', 'R25', 'R26', 'R27', 'R28', 'R29', 'R30', 'R31', 'R32', 'R33', 'R34']
03-15 12:28:27 com_github_MitjaNemec_PlaceFootprints.action_place_footprints 359:wx.Colour(240, 240, 240, 255)
03-15 12:28:33 com_github_MitjaNemec_PlaceFootprints.action_place_footprints 490:'4'
03-15 12:28:33 com_github_MitjaNemec_PlaceFootprints.action_place_footprints 536:Preparing config for reference linear
03-15 12:28:33 com_github_MitjaNemec_PlaceFootprints.action_place_footprints 556:Saving config file
03-15 12:28:33 com_github_MitjaNemec_PlaceFootprints.action_place_footprints 558:Saved the config file
03-15 12:28:33 com_github_MitjaNemec_PlaceFootprints.action_place_footprints 901:Footprints to place:
['R18', 'R19', 'R20', 'R21', 'R22', 'R23', 'R24', 'R25', 'R26', 'R27', 'R28', 'R29', 'R30', 'R31', 'R32', 'R33', 'R34']
03-15 12:28:33 com_github_MitjaNemec_PlaceFootprints.place_footprints 367:Starting placing with linear layout
03-15 12:28:33 com_github_MitjaNemec_PlaceFootprints.action_place_footprints 942:Placing complete
